{"D:\\Work\\Binar\\Backend\\boilerplate\\Morning Class\\week 7\\8-nov-2021\\index.js": {"path":"D:\\Work\\Binar\\Backend\\boilerplate\\Morning Class\\week 7\\8-nov-2021\\index.js","statementMap":{"0":{"start":{"line":1,"column":0},"end":{"line":1,"column":26}},"1":{"start":{"line":2,"column":16},"end":{"line":2,"column":34}},"2":{"start":{"line":3,"column":12},"end":{"line":3,"column":21}},"3":{"start":{"line":4,"column":13},"end":{"line":4,"column":28}},"4":{"start":{"line":5,"column":14},"end":{"line":5,"column":34}},"5":{"start":{"line":8,"column":0},"end":{"line":8,"column":16}},"6":{"start":{"line":9,"column":0},"end":{"line":9,"column":48}},"7":{"start":{"line":10,"column":0},"end":{"line":10,"column":24}},"8":{"start":{"line":13,"column":0},"end":{"line":13,"column":15}},"9":{"start":{"line":15,"column":0},"end":{"line":15,"column":21}}},"fnMap":{},"branchMap":{},"s":{"0":1,"1":1,"2":1,"3":1,"4":1,"5":1,"6":1,"7":1,"8":1,"9":1},"f":{},"b":{},"_coverageSchema":"1a1c01bbd47fc00a2c39e90264f33305004495a9","hash":"0e35f8448bbf670e325d73a15daabe8a548eae96"}
,"D:\\Work\\Binar\\Backend\\boilerplate\\Morning Class\\week 7\\8-nov-2021\\controller\\index.js": {"path":"D:\\Work\\Binar\\Backend\\boilerplate\\Morning Class\\week 7\\8-nov-2021\\controller\\index.js","statementMap":{"0":{"start":{"line":1,"column":14},"end":{"line":1,"column":31}},"1":{"start":{"line":2,"column":16},"end":{"line":2,"column":36}},"2":{"start":{"line":6,"column":0},"end":{"line":9,"column":1}}},"fnMap":{},"branchMap":{},"s":{"0":1,"1":1,"2":1},"f":{},"b":{},"_coverageSchema":"1a1c01bbd47fc00a2c39e90264f33305004495a9","hash":"da29a28148d60bd230eeb58ed9ed5e983b402c17"}
,"D:\\Work\\Binar\\Backend\\boilerplate\\Morning Class\\week 7\\8-nov-2021\\controller\\picture.js": {"path":"D:\\Work\\Binar\\Backend\\boilerplate\\Morning Class\\week 7\\8-nov-2021\\controller\\picture.js","statementMap":{"0":{"start":{"line":1,"column":31},"end":{"line":1,"column":51}},"1":{"start":{"line":2,"column":15},"end":{"line":2,"column":32}},"2":{"start":{"line":8,"column":4},"end":{"line":31,"column":5}},"3":{"start":{"line":10,"column":31},"end":{"line":10,"column":44}},"4":{"start":{"line":22,"column":37},"end":{"line":22,"column":45}},"5":{"start":{"line":23,"column":25},"end":{"line":23,"column":98}},"6":{"start":{"line":24,"column":6},"end":{"line":28,"column":8}},"7":{"start":{"line":30,"column":6},"end":{"line":30,"column":17}},"8":{"start":{"line":34,"column":4},"end":{"line":50,"column":5}},"9":{"start":{"line":36,"column":17},"end":{"line":36,"column":30}},"10":{"start":{"line":37,"column":22},"end":{"line":41,"column":8}},"11":{"start":{"line":43,"column":6},"end":{"line":46,"column":8}},"12":{"start":{"line":49,"column":6},"end":{"line":49,"column":17}},"13":{"start":{"line":53,"column":4},"end":{"line":81,"column":5}},"14":{"start":{"line":54,"column":21},"end":{"line":54,"column":37}},"15":{"start":{"line":55,"column":23},"end":{"line":60,"column":8}},"16":{"start":{"line":62,"column":17},"end":{"line":62,"column":32}},"17":{"start":{"line":63,"column":18},"end":{"line":63,"column":41}},"18":{"start":{"line":64,"column":6},"end":{"line":67,"column":7}},"19":{"start":{"line":65,"column":8},"end":{"line":65,"column":17}},"20":{"start":{"line":66,"column":8},"end":{"line":66,"column":16}},"21":{"start":{"line":68,"column":25},"end":{"line":68,"column":43}},"22":{"start":{"line":69,"column":23},"end":{"line":69,"column":35}},"23":{"start":{"line":73,"column":21},"end":{"line":73,"column":84}},"24":{"start":{"line":75,"column":6},"end":{"line":78,"column":8}},"25":{"start":{"line":80,"column":6},"end":{"line":80,"column":17}},"26":{"start":{"line":84,"column":4},"end":{"line":111,"column":5}},"27":{"start":{"line":85,"column":17},"end":{"line":85,"column":30}},"28":{"start":{"line":86,"column":29},"end":{"line":91,"column":8}},"29":{"start":{"line":93,"column":6},"end":{"line":99,"column":7}},"30":{"start":{"line":94,"column":8},"end":{"line":97,"column":10}},"31":{"start":{"line":98,"column":8},"end":{"line":98,"column":14}},"32":{"start":{"line":101,"column":6},"end":{"line":106,"column":8}},"33":{"start":{"line":110,"column":6},"end":{"line":110,"column":17}},"34":{"start":{"line":114,"column":4},"end":{"line":143,"column":5}},"35":{"start":{"line":115,"column":17},"end":{"line":115,"column":30}},"36":{"start":{"line":116,"column":31},"end":{"line":116,"column":39}},"37":{"start":{"line":117,"column":29},"end":{"line":122,"column":8}},"38":{"start":{"line":124,"column":6},"end":{"line":130,"column":7}},"39":{"start":{"line":125,"column":8},"end":{"line":128,"column":10}},"40":{"start":{"line":129,"column":8},"end":{"line":129,"column":14}},"41":{"start":{"line":132,"column":6},"end":{"line":138,"column":8}},"42":{"start":{"line":142,"column":6},"end":{"line":142,"column":17}},"43":{"start":{"line":147,"column":0},"end":{"line":147,"column":25}}},"fnMap":{"0":{"name":"(anonymous_0)","decl":{"start":{"line":7,"column":2},"end":{"line":7,"column":3}},"loc":{"start":{"line":7,"column":43},"end":{"line":32,"column":3}},"line":7},"1":{"name":"(anonymous_1)","decl":{"start":{"line":33,"column":2},"end":{"line":33,"column":3}},"loc":{"start":{"line":33,"column":42},"end":{"line":51,"column":3}},"line":33},"2":{"name":"(anonymous_2)","decl":{"start":{"line":52,"column":2},"end":{"line":52,"column":3}},"loc":{"start":{"line":52,"column":43},"end":{"line":82,"column":3}},"line":52},"3":{"name":"(anonymous_3)","decl":{"start":{"line":83,"column":2},"end":{"line":83,"column":3}},"loc":{"start":{"line":83,"column":45},"end":{"line":112,"column":3}},"line":83},"4":{"name":"(anonymous_4)","decl":{"start":{"line":113,"column":2},"end":{"line":113,"column":3}},"loc":{"start":{"line":113,"column":43},"end":{"line":144,"column":3}},"line":113}},"branchMap":{"0":{"loc":{"start":{"line":64,"column":6},"end":{"line":67,"column":7}},"type":"if","locations":[{"start":{"line":64,"column":6},"end":{"line":67,"column":7}},{"start":{},"end":{}}],"line":64},"1":{"loc":{"start":{"line":64,"column":10},"end":{"line":64,"column":52}},"type":"binary-expr","locations":[{"start":{"line":64,"column":11},"end":{"line":64,"column":30}},{"start":{"line":64,"column":36},"end":{"line":64,"column":42}},{"start":{"line":64,"column":46},"end":{"line":64,"column":51}}],"line":64},"2":{"loc":{"start":{"line":73,"column":21},"end":{"line":73,"column":84}},"type":"cond-expr","locations":[{"start":{"line":73,"column":37},"end":{"line":73,"column":73}},{"start":{"line":73,"column":76},"end":{"line":73,"column":84}}],"line":73},"3":{"loc":{"start":{"line":73,"column":21},"end":{"line":73,"column":34}},"type":"binary-expr","locations":[{"start":{"line":73,"column":21},"end":{"line":73,"column":25}},{"start":{"line":73,"column":29},"end":{"line":73,"column":34}}],"line":73},"4":{"loc":{"start":{"line":93,"column":6},"end":{"line":99,"column":7}},"type":"if","locations":[{"start":{"line":93,"column":6},"end":{"line":99,"column":7}},{"start":{},"end":{}}],"line":93},"5":{"loc":{"start":{"line":124,"column":6},"end":{"line":130,"column":7}},"type":"if","locations":[{"start":{"line":124,"column":6},"end":{"line":130,"column":7}},{"start":{},"end":{}}],"line":124}},"s":{"0":1,"1":1,"2":0,"3":0,"4":0,"5":0,"6":0,"7":0,"8":0,"9":0,"10":0,"11":0,"12":0,"13":0,"14":0,"15":0,"16":0,"17":0,"18":0,"19":0,"20":0,"21":0,"22":0,"23":0,"24":0,"25":0,"26":0,"27":0,"28":0,"29":0,"30":0,"31":0,"32":0,"33":0,"34":0,"35":0,"36":0,"37":0,"38":0,"39":0,"40":0,"41":0,"42":0,"43":1},"f":{"0":0,"1":0,"2":0,"3":0,"4":0},"b":{"0":[0,0],"1":[0,0,0],"2":[0,0],"3":[0,0],"4":[0,0],"5":[0,0]},"_coverageSchema":"1a1c01bbd47fc00a2c39e90264f33305004495a9","hash":"b55d1fd86e3ae0b718b29c55baac69e030135264"}
,"D:\\Work\\Binar\\Backend\\boilerplate\\Morning Class\\week 7\\8-nov-2021\\controller\\user.js": {"path":"D:\\Work\\Binar\\Backend\\boilerplate\\Morning Class\\week 7\\8-nov-2021\\controller\\user.js","statementMap":{"0":{"start":{"line":1,"column":17},"end":{"line":1,"column":37}},"1":{"start":{"line":2,"column":44},"end":{"line":2,"column":63}},"2":{"start":{"line":7,"column":4},"end":{"line":24,"column":5}},"3":{"start":{"line":8,"column":40},"end":{"line":8,"column":48}},"4":{"start":{"line":9,"column":27},"end":{"line":9,"column":46}},"5":{"start":{"line":11,"column":22},"end":{"line":15,"column":8}},"6":{"start":{"line":17,"column":6},"end":{"line":20,"column":8}},"7":{"start":{"line":23,"column":6},"end":{"line":23,"column":24}},"8":{"start":{"line":28,"column":4},"end":{"line":36,"column":5}},"9":{"start":{"line":29,"column":20},"end":{"line":29,"column":40}},"10":{"start":{"line":30,"column":6},"end":{"line":33,"column":8}},"11":{"start":{"line":35,"column":6},"end":{"line":35,"column":24}},"12":{"start":{"line":40,"column":4},"end":{"line":49,"column":5}},"13":{"start":{"line":41,"column":17},"end":{"line":41,"column":30}},"14":{"start":{"line":42,"column":19},"end":{"line":42,"column":56}},"15":{"start":{"line":43,"column":6},"end":{"line":46,"column":8}},"16":{"start":{"line":48,"column":6},"end":{"line":48,"column":24}},"17":{"start":{"line":53,"column":4},"end":{"line":93,"column":5}},"18":{"start":{"line":54,"column":20},"end":{"line":54,"column":34}},"19":{"start":{"line":55,"column":23},"end":{"line":55,"column":40}},"20":{"start":{"line":56,"column":19},"end":{"line":60,"column":8}},"21":{"start":{"line":62,"column":6},"end":{"line":62,"column":40}},"22":{"start":{"line":64,"column":23},"end":{"line":64,"column":47}},"23":{"start":{"line":66,"column":6},"end":{"line":66,"column":40}},"24":{"start":{"line":67,"column":28},"end":{"line":67,"column":55}},"25":{"start":{"line":68,"column":6},"end":{"line":68,"column":47}},"26":{"start":{"line":69,"column":6},"end":{"line":75,"column":7}},"27":{"start":{"line":70,"column":8},"end":{"line":73,"column":10}},"28":{"start":{"line":74,"column":8},"end":{"line":74,"column":14}},"29":{"start":{"line":78,"column":6},"end":{"line":83,"column":7}},"30":{"start":{"line":79,"column":8},"end":{"line":82,"column":10}},"31":{"start":{"line":84,"column":22},"end":{"line":84,"column":37}},"32":{"start":{"line":85,"column":20},"end":{"line":85,"column":40}},"33":{"start":{"line":86,"column":6},"end":{"line":90,"column":8}},"34":{"start":{"line":92,"column":6},"end":{"line":92,"column":24}},"35":{"start":{"line":98,"column":0},"end":{"line":98,"column":22}}},"fnMap":{"0":{"name":"(anonymous_0)","decl":{"start":{"line":6,"column":2},"end":{"line":6,"column":3}},"loc":{"start":{"line":6,"column":42},"end":{"line":25,"column":3}},"line":6},"1":{"name":"(anonymous_1)","decl":{"start":{"line":27,"column":2},"end":{"line":27,"column":3}},"loc":{"start":{"line":27,"column":40},"end":{"line":37,"column":3}},"line":27},"2":{"name":"(anonymous_2)","decl":{"start":{"line":39,"column":2},"end":{"line":39,"column":3}},"loc":{"start":{"line":39,"column":39},"end":{"line":50,"column":3}},"line":39},"3":{"name":"(anonymous_3)","decl":{"start":{"line":52,"column":2},"end":{"line":52,"column":3}},"loc":{"start":{"line":52,"column":37},"end":{"line":94,"column":3}},"line":52}},"branchMap":{"0":{"loc":{"start":{"line":69,"column":6},"end":{"line":75,"column":7}},"type":"if","locations":[{"start":{"line":69,"column":6},"end":{"line":75,"column":7}},{"start":{},"end":{}}],"line":69},"1":{"loc":{"start":{"line":78,"column":6},"end":{"line":83,"column":7}},"type":"if","locations":[{"start":{"line":78,"column":6},"end":{"line":83,"column":7}},{"start":{},"end":{}}],"line":78}},"s":{"0":1,"1":1,"2":1,"3":1,"4":1,"5":1,"6":1,"7":0,"8":0,"9":0,"10":0,"11":0,"12":0,"13":0,"14":0,"15":0,"16":0,"17":0,"18":0,"19":0,"20":0,"21":0,"22":0,"23":0,"24":0,"25":0,"26":0,"27":0,"28":0,"29":0,"30":0,"31":0,"32":0,"33":0,"34":0,"35":1},"f":{"0":1,"1":0,"2":0,"3":0},"b":{"0":[0,0],"1":[0,0]},"_coverageSchema":"1a1c01bbd47fc00a2c39e90264f33305004495a9","hash":"5c652e9c2fa8dd51f76811704d676cead8ed43eb"}
,"D:\\Work\\Binar\\Backend\\boilerplate\\Morning Class\\week 7\\8-nov-2021\\middleware\\_authorization.js": {"path":"D:\\Work\\Binar\\Backend\\boilerplate\\Morning Class\\week 7\\8-nov-2021\\middleware\\_authorization.js","statementMap":{"0":{"start":{"line":1,"column":20},"end":{"line":1,"column":40}},"1":{"start":{"line":3,"column":22},"end":{"line":34,"column":1}},"2":{"start":{"line":4,"column":2},"end":{"line":33,"column":3}},"3":{"start":{"line":5,"column":4},"end":{"line":5,"column":38}},"4":{"start":{"line":6,"column":22},"end":{"line":6,"column":35}},"5":{"start":{"line":7,"column":4},"end":{"line":7,"column":26}},"6":{"start":{"line":8,"column":19},"end":{"line":8,"column":35}},"7":{"start":{"line":9,"column":4},"end":{"line":9,"column":27}},"8":{"start":{"line":10,"column":20},"end":{"line":14,"column":6}},"9":{"start":{"line":16,"column":4},"end":{"line":16,"column":38}},"10":{"start":{"line":17,"column":4},"end":{"line":17,"column":24}},"11":{"start":{"line":18,"column":4},"end":{"line":18,"column":39}},"12":{"start":{"line":19,"column":4},"end":{"line":19,"column":30}},"13":{"start":{"line":21,"column":4},"end":{"line":27,"column":5}},"14":{"start":{"line":22,"column":6},"end":{"line":25,"column":8}},"15":{"start":{"line":26,"column":6},"end":{"line":26,"column":12}},"16":{"start":{"line":29,"column":4},"end":{"line":29,"column":10}},"17":{"start":{"line":32,"column":4},"end":{"line":32,"column":15}},"18":{"start":{"line":36,"column":0},"end":{"line":36,"column":30}}},"fnMap":{"0":{"name":"(anonymous_0)","decl":{"start":{"line":3,"column":22},"end":{"line":3,"column":23}},"loc":{"start":{"line":3,"column":48},"end":{"line":34,"column":1}},"line":3}},"branchMap":{"0":{"loc":{"start":{"line":21,"column":4},"end":{"line":27,"column":5}},"type":"if","locations":[{"start":{"line":21,"column":4},"end":{"line":27,"column":5}},{"start":{},"end":{}}],"line":21}},"s":{"0":1,"1":1,"2":0,"3":0,"4":0,"5":0,"6":0,"7":0,"8":0,"9":0,"10":0,"11":0,"12":0,"13":0,"14":0,"15":0,"16":0,"17":0,"18":1},"f":{"0":0},"b":{"0":[0,0]},"_coverageSchema":"1a1c01bbd47fc00a2c39e90264f33305004495a9","hash":"272a03a0c4aeb3b8afe607aadec590b79bfaba32"}
,"D:\\Work\\Binar\\Backend\\boilerplate\\Morning Class\\week 7\\8-nov-2021\\middleware\\authentication.js": {"path":"D:\\Work\\Binar\\Backend\\boilerplate\\Morning Class\\week 7\\8-nov-2021\\middleware\\authentication.js","statementMap":{"0":{"start":{"line":1,"column":24},"end":{"line":1,"column":47}},"1":{"start":{"line":2,"column":17},"end":{"line":2,"column":37}},"2":{"start":{"line":4,"column":23},"end":{"line":35,"column":1}},"3":{"start":{"line":5,"column":2},"end":{"line":34,"column":3}},"4":{"start":{"line":6,"column":18},"end":{"line":6,"column":42}},"5":{"start":{"line":7,"column":4},"end":{"line":30,"column":5}},"6":{"start":{"line":8,"column":22},"end":{"line":8,"column":40}},"7":{"start":{"line":9,"column":6},"end":{"line":9,"column":26}},"8":{"start":{"line":10,"column":20},"end":{"line":10,"column":33}},"9":{"start":{"line":11,"column":19},"end":{"line":15,"column":8}},"10":{"start":{"line":16,"column":6},"end":{"line":24,"column":7}},"11":{"start":{"line":17,"column":8},"end":{"line":17,"column":31}},"12":{"start":{"line":18,"column":8},"end":{"line":18,"column":14}},"13":{"start":{"line":20,"column":8},"end":{"line":23,"column":10}},"14":{"start":{"line":26,"column":6},"end":{"line":29,"column":8}},"15":{"start":{"line":32,"column":4},"end":{"line":32,"column":22}},"16":{"start":{"line":33,"column":4},"end":{"line":33,"column":16}},"17":{"start":{"line":37,"column":0},"end":{"line":37,"column":31}}},"fnMap":{"0":{"name":"(anonymous_0)","decl":{"start":{"line":4,"column":23},"end":{"line":4,"column":24}},"loc":{"start":{"line":4,"column":49},"end":{"line":35,"column":1}},"line":4}},"branchMap":{"0":{"loc":{"start":{"line":7,"column":4},"end":{"line":30,"column":5}},"type":"if","locations":[{"start":{"line":7,"column":4},"end":{"line":30,"column":5}},{"start":{"line":25,"column":11},"end":{"line":30,"column":5}}],"line":7},"1":{"loc":{"start":{"line":16,"column":6},"end":{"line":24,"column":7}},"type":"if","locations":[{"start":{"line":16,"column":6},"end":{"line":24,"column":7}},{"start":{"line":19,"column":13},"end":{"line":24,"column":7}}],"line":16}},"s":{"0":1,"1":1,"2":1,"3":0,"4":0,"5":0,"6":0,"7":0,"8":0,"9":0,"10":0,"11":0,"12":0,"13":0,"14":0,"15":0,"16":0,"17":1},"f":{"0":0},"b":{"0":[0,0],"1":[0,0]},"_coverageSchema":"1a1c01bbd47fc00a2c39e90264f33305004495a9","hash":"c345305e5b12685178e62a0f2ac04dd4e99b41e0"}
,"D:\\Work\\Binar\\Backend\\boilerplate\\Morning Class\\week 7\\8-nov-2021\\models\\index.js": {"path":"D:\\Work\\Binar\\Backend\\boilerplate\\Morning Class\\week 7\\8-nov-2021\\models\\index.js","statementMap":{"0":{"start":{"line":3,"column":11},"end":{"line":3,"column":24}},"1":{"start":{"line":4,"column":13},"end":{"line":4,"column":28}},"2":{"start":{"line":5,"column":18},"end":{"line":5,"column":38}},"3":{"start":{"line":6,"column":17},"end":{"line":6,"column":42}},"4":{"start":{"line":7,"column":12},"end":{"line":7,"column":49}},"5":{"start":{"line":8,"column":15},"end":{"line":8,"column":65}},"6":{"start":{"line":9,"column":11},"end":{"line":9,"column":13}},"7":{"start":{"line":12,"column":0},"end":{"line":16,"column":1}},"8":{"start":{"line":13,"column":2},"end":{"line":13,"column":74}},"9":{"start":{"line":15,"column":2},"end":{"line":15,"column":87}},"10":{"start":{"line":18,"column":0},"end":{"line":26,"column":5}},"11":{"start":{"line":21,"column":4},"end":{"line":21,"column":90}},"12":{"start":{"line":24,"column":18},"end":{"line":24,"column":85}},"13":{"start":{"line":25,"column":4},"end":{"line":25,"column":27}},"14":{"start":{"line":28,"column":0},"end":{"line":32,"column":3}},"15":{"start":{"line":29,"column":2},"end":{"line":31,"column":3}},"16":{"start":{"line":30,"column":4},"end":{"line":30,"column":32}},"17":{"start":{"line":34,"column":0},"end":{"line":34,"column":25}},"18":{"start":{"line":35,"column":0},"end":{"line":35,"column":25}},"19":{"start":{"line":37,"column":0},"end":{"line":37,"column":20}}},"fnMap":{"0":{"name":"(anonymous_0)","decl":{"start":{"line":20,"column":10},"end":{"line":20,"column":11}},"loc":{"start":{"line":20,"column":18},"end":{"line":22,"column":3}},"line":20},"1":{"name":"(anonymous_1)","decl":{"start":{"line":23,"column":11},"end":{"line":23,"column":12}},"loc":{"start":{"line":23,"column":19},"end":{"line":26,"column":3}},"line":23},"2":{"name":"(anonymous_2)","decl":{"start":{"line":28,"column":24},"end":{"line":28,"column":25}},"loc":{"start":{"line":28,"column":37},"end":{"line":32,"column":1}},"line":28}},"branchMap":{"0":{"loc":{"start":{"line":7,"column":12},"end":{"line":7,"column":49}},"type":"binary-expr","locations":[{"start":{"line":7,"column":12},"end":{"line":7,"column":32}},{"start":{"line":7,"column":36},"end":{"line":7,"column":49}}],"line":7},"1":{"loc":{"start":{"line":12,"column":0},"end":{"line":16,"column":1}},"type":"if","locations":[{"start":{"line":12,"column":0},"end":{"line":16,"column":1}},{"start":{"line":14,"column":7},"end":{"line":16,"column":1}}],"line":12},"2":{"loc":{"start":{"line":21,"column":11},"end":{"line":21,"column":89}},"type":"binary-expr","locations":[{"start":{"line":21,"column":12},"end":{"line":21,"column":35}},{"start":{"line":21,"column":41},"end":{"line":21,"column":58}},{"start":{"line":21,"column":64},"end":{"line":21,"column":88}}],"line":21},"3":{"loc":{"start":{"line":29,"column":2},"end":{"line":31,"column":3}},"type":"if","locations":[{"start":{"line":29,"column":2},"end":{"line":31,"column":3}},{"start":{},"end":{}}],"line":29}},"s":{"0":1,"1":1,"2":1,"3":1,"4":1,"5":1,"6":1,"7":1,"8":0,"9":1,"10":1,"11":3,"12":2,"13":2,"14":1,"15":2,"16":2,"17":1,"18":1,"19":1},"f":{"0":3,"1":2,"2":2},"b":{"0":[1,0],"1":[0,1],"2":[3,3,2],"3":[2,0]},"_coverageSchema":"1a1c01bbd47fc00a2c39e90264f33305004495a9","hash":"1adfba1bc1e25428d771c68d5d6ddeb489f7c600"}
,"D:\\Work\\Binar\\Backend\\boilerplate\\Morning Class\\week 7\\8-nov-2021\\models\\picture.js": {"path":"D:\\Work\\Binar\\Backend\\boilerplate\\Morning Class\\week 7\\8-nov-2021\\models\\picture.js","statementMap":{"0":{"start":{"line":4,"column":4},"end":{"line":4,"column":24}},"1":{"start":{"line":5,"column":0},"end":{"line":22,"column":2}},"2":{"start":{"line":12,"column":2},"end":{"line":20,"column":5}},"3":{"start":{"line":21,"column":2},"end":{"line":21,"column":17}}},"fnMap":{"0":{"name":"(anonymous_0)","decl":{"start":{"line":5,"column":17},"end":{"line":5,"column":18}},"loc":{"start":{"line":5,"column":43},"end":{"line":22,"column":1}},"line":5},"1":{"name":"(anonymous_1)","decl":{"start":{"line":8,"column":4},"end":{"line":8,"column":5}},"loc":{"start":{"line":8,"column":29},"end":{"line":10,"column":5}},"line":8}},"branchMap":{},"s":{"0":1,"1":1,"2":1,"3":1},"f":{"0":1,"1":1},"b":{},"_coverageSchema":"1a1c01bbd47fc00a2c39e90264f33305004495a9","hash":"be7c5673ee17e25b88cd0c0d80c699db79d76c4f"}
,"D:\\Work\\Binar\\Backend\\boilerplate\\Morning Class\\week 7\\8-nov-2021\\models\\user.js": {"path":"D:\\Work\\Binar\\Backend\\boilerplate\\Morning Class\\week 7\\8-nov-2021\\models\\user.js","statementMap":{"0":{"start":{"line":4,"column":4},"end":{"line":4,"column":24}},"1":{"start":{"line":5,"column":0},"end":{"line":20,"column":2}},"2":{"start":{"line":11,"column":2},"end":{"line":18,"column":5}},"3":{"start":{"line":19,"column":2},"end":{"line":19,"column":14}}},"fnMap":{"0":{"name":"(anonymous_0)","decl":{"start":{"line":5,"column":17},"end":{"line":5,"column":18}},"loc":{"start":{"line":5,"column":43},"end":{"line":20,"column":1}},"line":5},"1":{"name":"(anonymous_1)","decl":{"start":{"line":7,"column":4},"end":{"line":7,"column":5}},"loc":{"start":{"line":7,"column":29},"end":{"line":9,"column":5}},"line":7}},"branchMap":{},"s":{"0":1,"1":1,"2":1,"3":1},"f":{"0":1,"1":1},"b":{},"_coverageSchema":"1a1c01bbd47fc00a2c39e90264f33305004495a9","hash":"1726304571e9318df780c349bfe00bf515bf03b3"}
,"D:\\Work\\Binar\\Backend\\boilerplate\\Morning Class\\week 7\\8-nov-2021\\routers\\index.js": {"path":"D:\\Work\\Binar\\Backend\\boilerplate\\Morning Class\\week 7\\8-nov-2021\\routers\\index.js","statementMap":{"0":{"start":{"line":1,"column":14},"end":{"line":1,"column":41}},"1":{"start":{"line":2,"column":17},"end":{"line":2,"column":36}},"2":{"start":{"line":3,"column":27},"end":{"line":3,"column":57}},"3":{"start":{"line":4,"column":23},"end":{"line":4,"column":62}},"4":{"start":{"line":5,"column":22},"end":{"line":5,"column":61}},"5":{"start":{"line":8,"column":0},"end":{"line":8,"column":33}},"6":{"start":{"line":9,"column":0},"end":{"line":9,"column":37}},"7":{"start":{"line":12,"column":0},"end":{"line":12,"column":25}},"8":{"start":{"line":14,"column":0},"end":{"line":14,"column":34}},"9":{"start":{"line":15,"column":0},"end":{"line":15,"column":37}},"10":{"start":{"line":17,"column":0},"end":{"line":17,"column":43}},"11":{"start":{"line":19,"column":0},"end":{"line":19,"column":66}},"12":{"start":{"line":20,"column":0},"end":{"line":20,"column":61}},"13":{"start":{"line":21,"column":0},"end":{"line":21,"column":60}},"14":{"start":{"line":22,"column":0},"end":{"line":22,"column":42}},"15":{"start":{"line":26,"column":0},"end":{"line":26,"column":22}}},"fnMap":{},"branchMap":{},"s":{"0":1,"1":1,"2":1,"3":1,"4":1,"5":1,"6":1,"7":1,"8":1,"9":1,"10":1,"11":1,"12":1,"13":1,"14":1,"15":1},"f":{},"b":{},"_coverageSchema":"1a1c01bbd47fc00a2c39e90264f33305004495a9","hash":"ddef48bd468f7ca1bfb8ab5b4108c494a1c5c8ea"}
,"D:\\Work\\Binar\\Backend\\boilerplate\\Morning Class\\week 7\\8-nov-2021\\utils\\bcrypt.js": {"path":"D:\\Work\\Binar\\Backend\\boilerplate\\Morning Class\\week 7\\8-nov-2021\\utils\\bcrypt.js","statementMap":{"0":{"start":{"line":1,"column":15},"end":{"line":1,"column":34}},"1":{"start":{"line":3,"column":18},"end":{"line":10,"column":1}},"2":{"start":{"line":4,"column":2},"end":{"line":9,"column":3}},"3":{"start":{"line":5,"column":4},"end":{"line":5,"column":35}},"4":{"start":{"line":6,"column":4},"end":{"line":6,"column":38}},"5":{"start":{"line":8,"column":4},"end":{"line":8,"column":22}},"6":{"start":{"line":12,"column":16},"end":{"line":14,"column":1}},"7":{"start":{"line":13,"column":2},"end":{"line":13,"column":41}},"8":{"start":{"line":17,"column":0},"end":{"line":20,"column":2}}},"fnMap":{"0":{"name":"(anonymous_0)","decl":{"start":{"line":3,"column":18},"end":{"line":3,"column":19}},"loc":{"start":{"line":3,"column":29},"end":{"line":10,"column":1}},"line":3},"1":{"name":"(anonymous_1)","decl":{"start":{"line":12,"column":16},"end":{"line":12,"column":17}},"loc":{"start":{"line":12,"column":33},"end":{"line":14,"column":1}},"line":12}},"branchMap":{},"s":{"0":1,"1":1,"2":2,"3":2,"4":2,"5":0,"6":1,"7":0,"8":1},"f":{"0":2,"1":0},"b":{},"_coverageSchema":"1a1c01bbd47fc00a2c39e90264f33305004495a9","hash":"38f21bfe5f82dfba8264c86445bd8b15fcc41db1"}
,"D:\\Work\\Binar\\Backend\\boilerplate\\Morning Class\\week 7\\8-nov-2021\\utils\\index.js": {"path":"D:\\Work\\Binar\\Backend\\boilerplate\\Morning Class\\week 7\\8-nov-2021\\utils\\index.js","statementMap":{"0":{"start":{"line":1,"column":37},"end":{"line":1,"column":53}},"1":{"start":{"line":2,"column":31},"end":{"line":2,"column":50}},"2":{"start":{"line":5,"column":0},"end":{"line":10,"column":1}}},"fnMap":{},"branchMap":{},"s":{"0":1,"1":1,"2":1},"f":{},"b":{},"_coverageSchema":"1a1c01bbd47fc00a2c39e90264f33305004495a9","hash":"b1d540345d4445c72d37b6c67832c63286aee29f"}
,"D:\\Work\\Binar\\Backend\\boilerplate\\Morning Class\\week 7\\8-nov-2021\\utils\\jwt.js": {"path":"D:\\Work\\Binar\\Backend\\boilerplate\\Morning Class\\week 7\\8-nov-2021\\utils\\jwt.js","statementMap":{"0":{"start":{"line":3,"column":12},"end":{"line":3,"column":35}},"1":{"start":{"line":4,"column":20},"end":{"line":11,"column":1}},"2":{"start":{"line":5,"column":2},"end":{"line":10,"column":3}},"3":{"start":{"line":6,"column":18},"end":{"line":6,"column":55}},"4":{"start":{"line":7,"column":4},"end":{"line":7,"column":16}},"5":{"start":{"line":9,"column":4},"end":{"line":9,"column":16}},"6":{"start":{"line":13,"column":20},"end":{"line":19,"column":1}},"7":{"start":{"line":14,"column":2},"end":{"line":18,"column":3}},"8":{"start":{"line":15,"column":4},"end":{"line":15,"column":48}},"9":{"start":{"line":17,"column":4},"end":{"line":17,"column":16}},"10":{"start":{"line":25,"column":0},"end":{"line":28,"column":1}}},"fnMap":{"0":{"name":"(anonymous_0)","decl":{"start":{"line":4,"column":20},"end":{"line":4,"column":21}},"loc":{"start":{"line":4,"column":33},"end":{"line":11,"column":1}},"line":4},"1":{"name":"(anonymous_1)","decl":{"start":{"line":13,"column":20},"end":{"line":13,"column":21}},"loc":{"start":{"line":13,"column":31},"end":{"line":19,"column":1}},"line":13}},"branchMap":{},"s":{"0":1,"1":1,"2":0,"3":0,"4":0,"5":0,"6":1,"7":0,"8":0,"9":0,"10":1},"f":{"0":0,"1":0},"b":{},"_coverageSchema":"1a1c01bbd47fc00a2c39e90264f33305004495a9","hash":"552ffa8dab50f608a4fae66fa52001aa67262a4a"}
}
