<?xml version="1.0" encoding="UTF-8"?>
<coverage generated="1637137451327" clover="3.2.0">
  <project timestamp="1637137451327" name="All files">
    <metrics statements="4" coveredstatements="3" conditionals="6" coveredconditionals="4" methods="1" coveredmethods="1" elements="11" coveredelements="8" complexity="0" loc="4" ncloc="4" packages="1" files="1" classes="1"/>
    <file name="tambah.js" path="C:\Users\Bvarta\binar\boilerplate\Afternoon Class\Week 7\testing\src\tambah.js">
      <metrics statements="4" coveredstatements="3" conditionals="6" coveredconditionals="4" methods="1" coveredmethods="1"/>
      <line num="2" count="2" type="cond" truecount="4" falsecount="2"/>
      <line num="3" count="0" type="stmt"/>
      <line num="6" count="2" type="stmt"/>
      <line num="9" count="1" type="stmt"/>
    </file>
  </project>
</coverage>
