{"C:\\Users\\Bvarta\\binar\\boilerplate\\Afternoon Class\\Week 7\\testing\\src\\tambah.js": {"path":"C:\\Users\\Bvarta\\binar\\boilerplate\\Afternoon Class\\Week 7\\testing\\src\\tambah.js","statementMap":{"0":{"start":{"line":2,"column":2},"end":{"line":4,"column":3}},"1":{"start":{"line":3,"column":4},"end":{"line":3,"column":32}},"2":{"start":{"line":6,"column":2},"end":{"line":6,"column":14}},"3":{"start":{"line":9,"column":0},"end":{"line":9,"column":24}}},"fnMap":{"0":{"name":"tambah","decl":{"start":{"line":1,"column":9},"end":{"line":1,"column":15}},"loc":{"start":{"line":1,"column":22},"end":{"line":7,"column":1}},"line":1}},"branchMap":{"0":{"loc":{"start":{"line":2,"column":2},"end":{"line":4,"column":3}},"type":"if","locations":[{"start":{"line":2,"column":2},"end":{"line":4,"column":3}},{"start":{},"end":{}}],"line":2},"1":{"loc":{"start":{"line":2,"column":6},"end":{"line":2,"column":36}},"type":"binary-expr","locations":[{"start":{"line":2,"column":6},"end":{"line":2,"column":8}},{"start":{"line":2,"column":12},"end":{"line":2,"column":14}},{"start":{"line":2,"column":18},"end":{"line":2,"column":25}},{"start":{"line":2,"column":29},"end":{"line":2,"column":36}}],"line":2}},"s":{"0":2,"1":0,"2":2,"3":1},"f":{"0":2},"b":{"0":[0,2],"1":[2,1,1,0]},"_coverageSchema":"1a1c01bbd47fc00a2c39e90264f33305004495a9","hash":"bbdeadd23736f5b8319d851eff038c03d85e627a"}
}
